<?xml version="1.0" encoding="UTF-8"?>
<!-- Generated by org.testng.reporters.JUnitReportReporter -->
<testsuite hostname="NHUTBM" name="com.payzing.testcase.HomePageScript_Game_Convert" tests="18" failures="0" timestamp="4 Jul 2019 02:42:41 GMT" time="157.740" errors="0">
  <testcase name="testcase_18_SMS" time="3.584" classname="com.payzing.testcase.HomePageScript_Game_Convert"/>
  <testcase name="testcase_01_ZaloPay_Verify_message_when_delete_price" time="1.145" classname="com.payzing.testcase.HomePageScript_Game_Convert"/>
  <testcase name="testcase_04_ZingCard_Verify_display_form_input_information_card" time="1.113" classname="com.payzing.testcase.HomePageScript_Game_Convert"/>
  <testcase name="testcase_15_Credit_Card_Verify_message_when_delete_price" time="1.428" classname="com.payzing.testcase.HomePageScript_Game_Convert"/>
  <testcase name="testcase_02_ZaloPay_Verify_message_when_input_invalid_price" time="4.656" classname="com.payzing.testcase.HomePageScript_Game_Convert"/>
  <testcase name="testcase_09_ZingCard_Verify_display_message_when_input_card_had_used" time="2.921" classname="com.payzing.testcase.HomePageScript_Game_Convert"/>
  <testcase name="testcase_07_ZingCard_Verify_display_message_when_only_input_Pin" time="3.828" classname="com.payzing.testcase.HomePageScript_Game_Convert"/>
  <testcase name="testcase_16_Credit_Card_Verify_message_when_input_invalid_price" time="6.739" classname="com.payzing.testcase.HomePageScript_Game_Convert"/>
  <testcase name="testcase_06_ZingCard_Verify_display_message_when_only_input_Seri" time="2.799" classname="com.payzing.testcase.HomePageScript_Game_Convert"/>
  <testcase name="testcase_14_ATM_Transfer_ZaloPay_Verify_display_transactionID" time="28.032" classname="com.payzing.testcase.HomePageScript_Game_Convert"/>
  <testcase name="testcase_12_ATM_Transfer_Napas" time="23.427" classname="com.payzing.testcase.HomePageScript_Game_Convert"/>
  <testcase name="testcase_13_ATM_Transfer_BANK_WEB" time="40.780" classname="com.payzing.testcase.HomePageScript_Game_Convert"/>
  <testcase name="testcase_10_ATM_Verify_message_when_delete_price" time="0.760" classname="com.payzing.testcase.HomePageScript_Game_Convert"/>
  <testcase name="testcase_17_Credit_Card" time="25.354" classname="com.payzing.testcase.HomePageScript_Game_Convert"/>
  <testcase name="testcase_03_ZaloPay_Verify_message_when_input_valid_price" time="3.417" classname="com.payzing.testcase.HomePageScript_Game_Convert"/>
  <testcase name="testcase_08_ZingCard_Verify_display_message_when_input_card_invalid" time="2.979" classname="com.payzing.testcase.HomePageScript_Game_Convert"/>
  <testcase name="testcase_05_ZingCard_Verify_display_message_when_dont_input_Seri_and_Pin_card" time="1.172" classname="com.payzing.testcase.HomePageScript_Game_Convert"/>
  <testcase name="testcase_11_ATM_Verify_message_when_input_invalid_price" time="3.606" classname="com.payzing.testcase.HomePageScript_Game_Convert"/>
</testsuite> <!-- com.payzing.testcase.HomePageScript_Game_Convert -->
